<?xml version="1.0" encoding="UTF-8"?>
<testsuite name="com.ece510.smartpackage.domain.TripSummaryTest" tests="11" skipped="0" failures="0" errors="0" timestamp="2026-06-24T11:35:12" hostname="SIDEB" time="0.018">
  <properties/>
  <testcase name="alert events list carries timestamp and reasons in id order" classname="com.ece510.smartpackage.domain.TripSummaryTest" time="0.011"/>
  <testcase name="temperature and humidity stats ignore readings with no sensor values" classname="com.ece510.smartpackage.domain.TripSummaryTest" time="0.001"/>
  <testcase name="net acceleration is null when any axis is missing" classname="com.ece510.smartpackage.domain.TripSummaryTest" time="0.0"/>
  <testcase name="verdict is PROBLEMS_DETECTED when any reading is flagged by the Pi" classname="com.ece510.smartpackage.domain.TripSummaryTest" time="0.0"/>
  <testcase name="net acceleration strips gravity and picks the largest shock" classname="com.ece510.smartpackage.domain.TripSummaryTest" time="0.001"/>
  <testcase name="trip duration is order-independent (readings sorted by id)" classname="com.ece510.smartpackage.domain.TripSummaryTest" time="0.0"/>
  <testcase name="verdict is PACKAGE_OK when no reading is flagged" classname="com.ece510.smartpackage.domain.TripSummaryTest" time="0.0"/>
  <testcase name="trip duration spans the first to the last reading" classname="com.ece510.smartpackage.domain.TripSummaryTest" time="0.001"/>
  <testcase name="reasonLabel translates known codes and falls back to the raw code" classname="com.ece510.smartpackage.domain.TripSummaryTest" time="0.0"/>
  <testcase name="verdict is NO_DATA for an empty trip" classname="com.ece510.smartpackage.domain.TripSummaryTest" time="0.002"/>
  <testcase name="counts and breakdown match the seeded rows" classname="com.ece510.smartpackage.domain.TripSummaryTest" time="0.002"/>
  <system-out><![CDATA[]]></system-out>
  <system-err><![CDATA[]]></system-err>
</testsuite>
